[  0.0000]Liux vrson 4150-43enerc buil@lgw-amd6401) gc verio 7.3 (Ubtu 7.3-16untu3) #6-Ubnt SMPTh Dec 14:4528UTC 01 (Ubnt 4.1.043.4-gneic4.158)
[   ..0000] mman lne: BOT_MAGEbootvminz-.15.0-4geneicroo=LBEL=lodimgrotfs  conol=tty conso=tty
[    0.00000]ERNEL uporte cus:[   .0000]  ntelGeuinetel[  0.0000]  MD AhentAMD[   0.0000]   Centau CntauHals
   0.0000]86/fu:SupptingSAVEeatu 0x01:'x87flatinpoinregiers'
[  0.0000] x86/pu Suppoing AVE atur0x00 'SSregiers'
[   000000]x86/u: SpprtinXSAVfeatur0x00: AVX gisters'
[   000000]x86/pu xste_ofet[2: 576, xtae_sis[2] 256
[   00000] x8fpu:Enbled tateeatues0x7, cntextsie is83 bes, usng'staard'orma
[   0.0000 e82 BIOproved pyscal RA mp:
   0.0000] BOSe820: [mem 0x0000000000000000-0x000000000009fbff] usable
[    0.000000] BIOS-e820: [mem 0x000000000009fc00-0x000000000009ffff] reserved
[    0.000000] BIOS-e820: [mem 0x00000000000f0000-0x00000000000fffff] reserved
[    0.000000] BIOS-e820: [mem 0x0000000000100000-0x000000007ffeffff] usable
[    0.000000] BIOS-e820: [mem 0x000000007fff0000-0x000000007fffffff] ACPI data
[    0.000000] BIOS-e820: [em 0x00000ec0000-0000000fe00ff] serv
[    000000]IOS-82: [m 0x000000fe0000-000000fee0ff] servd
[    00000] IOS-82: me 0x000000fc000-00000000fffff] esrved
[   0.0000] NX (Execute Disable) protection: active
[    0.000000] SMBIOS 2.5 present.
[    0.000000] DMI: innotek GmbH VirtualBox/VirtualBox, BIOS VirtualBox 12/01/00
[  0.0000]Hyervir dected: KVM
[   0.0000e820last_n = 0xff0 maarchfn =x4000000
[   00000] MT: Diabed
[   .0000] x/PAT: TRs dibled sippi PATnitiliatiotoo.
[   00000] CP MRRs llblank -vitualed syte.
[   00000] x8PAT: Confiuraton[0-7: B  W  C- U WB WT UC-   
   0.0000] fun SMPP-tae atmem x009ff-0x009fff]maped t        (trva]
[  0.0000]cannin1 ars folow emry cruptn
[  0.0000]AMDI: [m 0x3df000x3666fff]
   0.00000 ACP Eary ableheckm veifcatin isabed
[    0.000000] ACPI: RSDP 0x00000000000E0000 000024 (v02 VBOX  )
[    0.000000] ACPI: XSDT 0x000000007FFF0030 00003C (v01 VBOX   VBOXXSDT 00000001 ASL  00000061)
[    0.000000] ACPI: FACP 0x000000007FFF00F0 0000F4 (v04 VBOX   VBOXFACP 00000001 ASL  00000061)
[    0.000000] ACPI: DSDT 0x000000007FFF0470 0021FF (v02 VBOX   VBOXBIOS 00000002 INTL 20100528)
[    0.000000] ACPI: FACS 0x000000007FFF0200 000040
[    0.000000] ACPI: FACS 0x000000007FFF0200 000040
[    0.000000] ACPI: APIC 0x000000007FFF0240 00005C (v02 VBOX   VBOXAPIC 00000001 ASL  00000061)
[    0.000000] ACPI: SSDT 0x000000007FFF02A0 0001CC (v01 VBOX   VBOXCPUT 00000002 INTL 20100528)
[    0.000000] No NUMA configuration found
[    0.000000] Faking a node at [mem 0x0000000000000000-0x000000007fffff]
   0.0000] NE_DA(0) aocat [me 07ffc00-0x7efff]
[   0000000 km-clk: c 0, r 0:f440, prary u clk
[   00000] kv-cock:Usng ms 4b6401 andb564d0
    .00000kvm-lok: ung she offetof 582531 cyle
   0.00000 closour: kv-cock:mak: 0ffffffffffff maxycles 01cd44dff maxdle_: 88595914 ns[  0.00000]Zonerages:
[    .00000  DM    [mem0x0000000010000x0000000ffff]
   0.0000]   MA2   mem 0x0000010000-0x0000007fffff]
   0.0000]  orma   emp
[   .0000]  evic  empt
[    00000]Movae zo sta forach od
[  0.000000] Eay meor nod rnges
[   0.0000]   od   0 [em 000000000001000-0x00000009eff]
[  0.0000]   nde  0: [mm x000000001000-00000007feffff]
[   0000000Initmem etp noe  [mem 0x000000000001000-0x000000007ffeffff]
[    0.000000] Reserved but unavailable: 98 pages
[    0.000000] ACPI: PM-Timer IO Port: 0x4008
[    0.000000] IOAPIC[0]: apic_id 2, version 32, address 0xec000, GI -23
[    0.000000] ACPI: INT_SRC_OVR (bus 0 bus_irq 0 global_irq 2 dfl df)
[  0.0000] ACI:INT_C_OV (us0 us_iq  glol_ir9 lo lvel)
   0.0000] UsingACPI(MDT) orSMP onigurtin inrmaton
[  0.0000] spbot: Aloing CPUs0 hotpg CP
[   .0000] P: egisered nave mory [em 000000-0x000ff]
[  0.0000] PM Rgisted nave mory[mem 0009f00-00009ff][    000000]PM Regstred saveemor: mem 000a00-000efff
[   0.0000 PM:Reisttred nosave memory: [mem 0x000f0000-0x000fffff]
   0.0000] e20 [me0x800000xfebfff] aaiablefo PCIevics
[  0.0000] otinparartuazed keel oKVM[   .0000] ccksour: rened-ffie mas 0xffffff ma_ccles 0ffffff, axidles: 75519021156ns
   0.0000] rdom:et_rndombytes lled fm strtkene+0x99/4fd it crninit0
[  0.0000] set_percp NR_PU:819nr_cumsk_bit2 nrpu_is:2 nrode_ids1
[  0.0000] pepu: Emeded 4page/cu @      (rvals15152r819d286 u10856
[   .0000] Pqspinlk hah ablentries: 26 order:0,4096byes)[   0.00000]Bult 1onelsts, mobilitygrouping on.  Total pages: 515961
[   .000000] Pliy zo: DM2
[   .0000] Kene coman lin: OOT_AGE=bot/vminz-4.5.-43-geerc root=LABEL=cloudimg-rootfs ro cosoe=tty cnsol=tyS0[   .0000] Mmoy: 2015800K/209669K vailbl (120K krnl code, 472Kwdata,422K rata,408Kint, 2416Kss, 086K reserved, 0K cma-reserved)
[    0.000000] SLUB: HWalign=64, Ordr=-3, MinObjects=0, CPUs=2, Nodes=1
[    0.000000] Kernel/User page tables isolation: enabled
[    0.000000] ftrace: alocting9186enries i 14 paes
[  0.00400 HierrcicalCU iplemntaton
[  0.0000] RC resritingCPs frm R_CPS=192 to nr_cpu_ids2.
[  0.0000]	Tsk RU enled.
   0.00400 RCU: justng geotry r rcfanout_laf16,r_cpids=
    .04000NR_IS: 52444 nr_rq: 40,prealoatedrqs:6
[   .0040] Conle: lourGA+ x25[   .0040] csole[ty1] naled[    .04000 cnsol [tyS0 eable
    0.4000] PI: Coe evison201731
   0.0000]ACI: 2CPI L tale sucssfulyacquird nd loaded
[    0.004000] APIC: Switch to symmetric I/O mod stup
[    0.004253] x2apic enabled
[    0.008004] Switched APIC routing to physical x2apic.
[    0.013056] ..TIMER: vector=0x30 apic1=0 pin1=2 apic2=-1 pin2=-1
[    0.016005] tsc: Detected 3500.012 MHz processor
[    0.020008] Calibrating delay loop (skipped) preset value.. 7000.02 BogoMIPS (lpj=14000048)
[    0.021059] pid_max: default: 32768 minimum: 301
[    0.021764] Security Framework initialized
[    0.022294] Yama: becoming mindful.
[    0.022813] AppArmor: AppArmor initialized
[    0.028119] Dentry cache hash table entries: 262144 (order: 9, 2097152 bytes)
[    0.040038] Inode-cache hash table entries: 131072 (order: 8, 1048576 bytes)
[    0.044029] Mount-cache hash table entries: 4096 (order: 3, 32768 bytes)
[    0.048018] Mountpoint-cache hash table entries: 4096 (order: 3, 32768 bytes)
[    0.052246] mce: CPU supports 0 MCE banks
[    0.056026] Last level iTLB entries: 4KB 1024, 2MB 1024, 4MB 1024
[    0.057195] Last level dTLB entries: 4KB 1024, 2MB 1024, 4MB 1024, 1GB 4
[    0.060006] Spectre V2 : Mitigation: Full generic retpoline
[    0.064007] Spectre V2 : Spectre v2 / SpectreRSB mitigation: Filling RSB on context switch
[    0.068005] Speculative Store Bypass: Vulnerable
[    0.072088] Freeing SMP alternatives memory: 36K
[    0.080000] smpboot: CPU0: Intel(R) Core(TM) i7-4770K CPU @ 3.50GHz (family: 0x6, model: 0x3c, stepping: 0x3)
[    0.080079] Performance Events: unsupported p6 CPU model 60 no PMU driver, software events only.
[    0.081274] Hierarchical SRCU implementation.
[    0.088293] NMI watchdog: Perf event create on CPU 0 failed with -2
[    0.092006] NMI watchdog: Perf NMI watchdog permanently disabled
[    0.096063] smp: Bringing up secondary CPUs ...
[    0.100118] x86: Booting SMP configuration:
[    0.104007] .... node  #0, CPUs:      #1
[    0.004000] kvm-clock: cpu 1, msr 0:7ff44041, secondary cpu clock
[    0.004000] mce: CPU supports 0 MCE banks
[    0.134387] smp: Brought up 1 node, 2 CPUs
[    0.136011] smpboot: Max logical packages: 1
[    0.140007] smpboot: Total of 2 processors activated (14000.04 BogoMIPS)
[    0.144182] devtmpfs: initialized
[    0.148075] x86/mm: Memory block size: 128MB
[    0.152222] evm: security.selinux
[    0.156024] evm: security.SMACK64
[    0.160006] evm: security.SMACK64EXEC
[    0.164005] evm: security.SMACK64TRANSMUTE
[    0.168001] evm: security.SMACK64MMAP
[    0.168498] evm: security.apparmor
[    0.168981] evm: security.ima
[    0.172005] evm: security.capability
[    0.176079] clocksource: jiffies: mask: 0xffffffff max_cycles: 0xffffffff, max_idle_ns: 7645041785100000 ns
[    0.180014] futex hash table entries: 512 (order: 3, 32768 bytes)
[    0.180931] pinctrl core: initialized pinctrl subsystem
[    0.184148] RTC time: 21:17:04, date: 02/12/19
[    0.188170] NET: Registered protocol family 16
[    0.192090] audit: initializing netlink subsys (disabled)
[    0.193137] audit: type=2000 audit(1550006194.963:1): state=initialized audit_enabled=0 res=1
[    0.256011] cpuidle: using governor ladder
[    0.256571] cpuidle: using governor menu
[    0.257139] ACPI: bus type PCI registered
[    0.257721] acpiphp: ACPI Hot Plug PCI Controller Driver version: 0.5
[    0.260111] PCI: Using configuration type 1 for base access
[    0.272021] HugeTLB registered 2.00 MiB page size, pre-allocated 0 pages
[    0.296103] ACPI: Added _OSI(Module Device)
[    0.300007] ACPI: Added _OSI(Processor Device)
[    0.304007] ACPI: Added _OSI(3.0 _SCP Extensions)
[    0.308006] ACPI: Added _OSI(Processor Aggregator Device)
[    0.312008] ACPI: Added _OSI(Linux-Dell-Video)
[    0.316005] ACPI: Added _OSI(Linux-Lenovo-NV-HDMI-Audio)
[    0.320234] ACPI: Executed 1 blocks of module-level executable AML code
[    0.329651] ACPI: Interpreter enabled
[    0.332022] ACPI: (supports S0 S5)
[    0.332489] ACPI: Using IOAPIC for interrupt routing
[    0.333438] PCI: Using host bridge windows from ACPI; if necessary, use "pci=nocrs" and report a bug
[    0.336134] ACPI: Enabled 2 GPEs in block 00 to 07
[    0.347900] ACPI: PCI Root Bridge [PCI0] (domain 0000 [bus 00-ff])
[    0.348015] acpi PNP0A03:00: _OSC: OS supports [ASPM ClockPM Segments MSI]
[    0.352048] acpi PNP0A03:00: _OSC: not requesting OS control; OS requires [ExtendedConfig ASPM ClockPM MSI]
[    0.356021] acpi PNP0A03:00: fail to add MMCONFIG information, can't access extended PCI configuration space under this bridge.
[    0.360315] PCI host bridge to bus 0000:00
[    0.364009] pci_bus 0000:00: root bus resource [io  0x0000-0x0cf7 window]
[    0.368009] pci_bus 0000:00: root bus resource [io  0x0d00-0xffff window]
[    0.372018] pci_bus 0000:00: root bus resource [mem 0x000a0000-0x000bffff window]
[    0.376008] pci_bus 0000:00: root bus resource [mem 0x80000000-0xfdffffff window]
[    0.380008] pci_bus 0000:00: root bus resource [bus 00-ff]
[    0.389451] pci 0000:00:01.1: legacy IDE quirk: reg 0x10: [io  0x01f0-0x01f7]
[    0.392007] pci 0000:00:01.1: legacy IDE quirk: reg 0x14: [io  0x03f6]
[    0.396008] pci 0000:00:01.1: legacy IDE quirk: reg 0x18: [io  0x0170-0x0177]
[    0.400008] pci 0000:00:01.1: legacy IDE quirk: reg 0x1c: [io  0x0376]
[    0.429366] pci 0000:00:07.0: quirk: [io  0x4000-0x403f] claimed by PIIX4 ACPI
[    0.432020] pci 0000:00:07.0: quirk: [io  0x4100-0x410f] claimed by PIIX4 SMB
[    0.449220] ACPI: PCI Interrupt Link [LNKA] (IRQs 5 9 10 *11)
[    0.452283] ACPI: PCI Interrupt Link [LNKB] (IRQs 5 9 *10 11)
[    0.456131] ACPI: PCI Interrupt Link [LNKC] (IRQs 5 *9 10 11)
[    0.460203] ACPI: PCI Interrupt Link [LNKD] (IRQs 5 9 10 *11)
[    0.464296] SCSI subsystem initialized
[    0.468048] pci 0000:00:02.0: vgaarb: setting as boot VGA device
[    0.472000] pci 0000:00:02.0: vgaarb: VGA device added: decodes=io+mem,owns=io+mem,locks=none
[    0.472011] pci 0000:00:02.0: vgaarb: bridge control possible
[    0.476002] vgaarb: loaded
[    0.480034] ACPI: bus type USB registered
[    0.480618] usbcore: registered new interface driver usbfs
[    0.484027] usbcore: registered new interface driver hub
[    0.488043] usbcore: registered new device driver usb
[    0.492026] EDAC MC: Ver: 3.0.0
[    0.496218] PCI: Using ACPI for IRQ routing
[    0.500229] NetLabel: Initializing
[    0.504004] NetLabel:  domain hash size = 128
[    0.508004] NetLabel:  protocols = UNLABELED CIPSOv4 CALIPSO
[    0.512021] NetLabel:  unlabeled traffic allowed by default
[    0.516080] clocksource: Switched to clocksource kvm-clock
[    .960] FS Disk qta duo6..0[  1886]FSDqt-chha tlentes51(oer0, 46 te
[   0737Aprm: pAorilysm abd  2.08] p:nPCPinit[  3029]np PP PIfod deic
[   3.06] ocoue:cppmma: ffff m_cle 0fffff,maide_: 8510 n
[  4260]ETRestedrocofaly
[   4.190]CPesabishe hh ab etres 16384 (order: 5, 131072 bytes)

[    5.337668] TCP bind hash table entries: 16384 (order: 6, 262144 bytes)
[   5.86] P:astaesongud stblised1684in164)[  6011]UD hh blenie 14 rd:  368yt)[   .905 U-Le shab etrs:02 (de 3328 te
  7.87] T:egisred otcofaly1
[   .178 p 00::00:imin decPCPCtrsfs  8.584] p 00::00:ctatg A A ang workarounds
[    9.346651] pci 0000:00:02.0: Video device with shadowed ROM at [mem 0x000c0000-0x000dffff]
[    9.347796] Unpacking initramfs...

[   10.616553] Freeing initrd memory: 18976K
[   10.723679] platform rtc_cmos: registered platform RTC device (no PNP device found)
[   10.883157] Scanning for low memory corruption every 60 seconds
[   10.887972] Initialise system trusted keyrings
[   10.895928] Key type blacklist registered
[   10.896658] workingset: timestamp_bits=36 max_order=19 bucket_order=0
[   10.900170] zbud: loaded
[   10.904849] squashfs: version 4.0 (2009/01/31) Phillip Lougher
[   10.905750] fuse init (API version 7.26)
[   10.910567] Key type asymmetric registered
[   10.912490] Asymmetric key parser 'x509' registered
[   10.913181] Block layer SCSI generic (bsg) driver version 0.4 loaded (major 246)
[   11.061744] io scheduler noop registered
[   11.067630] io scheduler deadline registered
[   11.068258] io scheduler cfq registered (default)
[   11.069166] ACPI: AC Adapter [AC] (on-line)
[   11.152224] input: Power Button as /devices/LNXSYSTM:00/LNXPWRBN:00/input/input0
[   11.153295] ACPI: Power Button [PWRF]
[   11.249847] input: Sleep Button as /devices/LNXSYSTM:00/LNXSLPBN:00/input/input1
[   11.457091] ACPI: Sleep Button [SLPF]
[   11.485335] Serial: 8250/16550 driver, 32 ports, IRQ sharing enabled
[   11.631177] 00:02: ttyS0 at I/O 0x3f8 (irq = 4, base_baud = 115200) is a 16550A
[   11.640282] Linux agpgart interface v0.103
[   11.656817] loop: module loaded
[   11.719380] scsi host0: ata_piix
[   11.723136] scsi host1: ata_piix
[   11.723644] ata1: PATA max UDMA/33 cmd 0x1f0 ctl 0x3f6 bmdma 0xd000 irq 14
[   11.724497] ata2: PATA max UDMA/33 cmd 0x170 ctl 0x376 bmdma 0xd008 irq 15
[   11.725457] libphy: Fixed MDIO Bus: probed
[   11.726067] tun: Universal TUN/TAP device driver, 1.6
[   11.726913] PPP generic driver version 2.4.2
[   11.727498] ehci_hcd: USB 2.0 'Enhanced' Host Controller (EHCI) Driver
[   11.728329] ehci-pci: EHCI PCI platform driver
[   11.778355] tsc: Refined TSC clocksource calibration: 3501.472 MHz
[   11.784968] ehci-platform: EHCI generic platform driver
[   11.784981] ohci_hcd: USB 1.1 'Open' Host Controller (OHCI) Driver
[   11.784986] ohci-pci: OHCI PCI platform driver
[   11.784993] ohci-platform: OHCI generic platform driver
[   11.784997] uhci_hcd: USB Universal Host Controller Interface driver
[   11.785040] i8042: PNP: PS/2 Controller [PNP0303:PS2K,PNP0f03:PS2M] at 0x60,0x64 irq 1,12
[   11.785461] serio: i8042 KBD port at 0x60,0x64 irq 1
[   11.785484] serio: i8042 AUX port at 0x60,0x64 irq 12
[   11.891674] mousedev: PS/2 mouse device common for all mice
[   11.891932] rtc_cmos rtc_cmos: rtc core: registered rtc_cmos as rtc0
[   11.891983] rtc_cmos rtc_cmos: alarms up to one day, 114 bytes nvram
[   11.891989] i2c /dev entries driver
[   11.891993] pcie_mp2_amd: AMD(R) PCI-E MP2 Communication Driver Version: 1.0
[   11.892049] device-mapper: uevent: version 1.0.3
[   11.892083] device-mapper: ioctl: 4.37.0-ioctl (2017-09-20) initialised: dm-devel@redhat.com
[   12.358741] input: AT Translated Set 2 keyboard as /devices/platform/i8042/serio0/input/input2
[   12.368721] clocksource: tsc: mask: 0xffffffffffffffff max_cycles: 0x3278bf823b0, max_idle_ns: 440795248687 ns
[   2.74] dtg-u:restedo ditectvityonCP
[   13.043797] NET: Registered protocol family 10
[   13.073783] Segment Routing with IPv6
[   13.177891] NET: Registered protocol family 17
[ 